Change Component Designator: OldDesignator=D1 NewDesignator=D3
Change Component Designator: OldDesignator=D2 NewDesignator=D1
Change Component Designator: OldDesignator=D3 NewDesignator=D4
Change Component Designator: OldDesignator=D4 NewDesignator=D2
Change Component Designator: OldDesignator=H2 NewDesignator=H4
Added Component: Designator=H2(HDR-TH_2P-P2.54-V)
Add component (AddParameter): Name = "BOM_JLCPCB Part Class"; Value = "Extended Part"; VariantName = "[No Variations]"
Add component (AddParameter): Name = "BOM_Manufacturer"; Value = "TE Connectivity"; VariantName = "[No Variations]"
Add component (AddParameter): Name = "BOM_Manufacturer Part"; Value = "826629-2"; VariantName = "[No Variations]"
Add component (AddParameter): Name = "BOM_Supplier"; Value = "LCSC"; VariantName = "[No Variations]"
Add component (AddParameter): Name = "BOM_Supplier Part"; Value = "C86471"; VariantName = "[No Variations]"
Add component (AddParameter): Name = "spicePre"; Value = "H"; VariantName = "[No Variations]"
Add component (AddParameter): Name = "spiceSymbolName"; Value = "Header-Male-2.54_1x2"; VariantName = "[No Variations]"
Added Component: Designator=H3(HDR-TH_2P-P2.54-V)
Add component (AddParameter): Name = "BOM_JLCPCB Part Class"; Value = "Extended Part"; VariantName = "[No Variations]"
Add component (AddParameter): Name = "BOM_Manufacturer"; Value = "TE Connectivity"; VariantName = "[No Variations]"
Add component (AddParameter): Name = "BOM_Manufacturer Part"; Value = "826629-2"; VariantName = "[No Variations]"
Add component (AddParameter): Name = "BOM_Supplier"; Value = "LCSC"; VariantName = "[No Variations]"
Add component (AddParameter): Name = "BOM_Supplier Part"; Value = "C86471"; VariantName = "[No Variations]"
Add component (AddParameter): Name = "spicePre"; Value = "H"; VariantName = "[No Variations]"
Add component (AddParameter): Name = "spiceSymbolName"; Value = "Header-Male-2.54_1x2"; VariantName = "[No Variations]"
Added Pin To Net: NetName=OUT Pin=H2-1
Added Pin To Net: NetName=GND Pin=H2-2
Added Pin To Net: NetName=VOUT Pin=H3-1
Added Pin To Net: NetName=GND Pin=H3-2
Change Net Name : Old Net Name=NetD1_1 New Net Name=NetD1_2
Change Net Name : Old Net Name=NetD1_2 New Net Name=NetD1_1
Change Net Name : Old Net Name=NetD3_1 New Net Name=NetD2_2
Added Member To Class: ClassName=Sheet3 Member=Component H3 ls=11uh ,ls'=16uh
Added Member To Class: ClassName=Sheet3 Member=Component H4 ls=11uh ,ls'=16uh
