Removed Pin From Net: NetName=BAT Pin=C10-1
Removed Pin From Net: NetName=CS Pin=C10-2
Removed Pin From Net: NetName=BAT Pin=C11-1
Removed Pin From Net: NetName=CS Pin=C11-2
Removed Pin From Net: NetName=CS Pin=C12-1
Removed Pin From Net: NetName=VCC3_3V Pin=C12-2
Removed Pin From Net: NetName=CS Pin=C13-1
Removed Pin From Net: NetName=VCC3_3V Pin=C13-2
Removed Pin From Net: NetName=CS Pin=U2-1
Removed Pin From Net: NetName=VCC3_3V Pin=U2-2
Removed Pin From Net: NetName=BAT Pin=U2-3
Removed Pin From Net: NetName=VCC3_3V Pin=U2-4
Removed Member From Class: ClassName=Sheet3 Member=C34
Removed Member From Class: ClassName=Sheet3 Member=C35
Removed Member From Class: ClassName=Sheet3 Member=U3
Change Component Comment : Designator=C33 Old Comment=0.1uF New Comment=1uF
Change Component Comment : Designator=C11 Old Comment=22uF New Comment=1uF
Change Component Designator: OldDesignator=*1 NewDesignator=*2
Change Component Designator: OldDesignator=C9 NewDesignator=C10
Change Component Designator: OldDesignator=C14 NewDesignator=C12
Change Component Designator: OldDesignator=C15 NewDesignator=C13
Change Component Designator: OldDesignator=C16 NewDesignator=C14
Change Component Designator: OldDesignator=C17 NewDesignator=C15
Change Component Designator: OldDesignator=C18 NewDesignator=C16
Change Component Designator: OldDesignator=C19 NewDesignator=C17
Change Component Designator: OldDesignator=C20 NewDesignator=C18
Change Component Designator: OldDesignator=C21 NewDesignator=C19
Change Component Designator: OldDesignator=C22 NewDesignator=C20
Change Component Designator: OldDesignator=C23 NewDesignator=C21
Change Component Designator: OldDesignator=C24 NewDesignator=C22
Change Component Designator: OldDesignator=C25 NewDesignator=C23
Change Component Designator: OldDesignator=C26 NewDesignator=C24
Change Component Designator: OldDesignator=C27 NewDesignator=C25
Change Component Designator: OldDesignator=C28 NewDesignator=C26
Change Component Designator: OldDesignator=C29 NewDesignator=C27
Change Component Designator: OldDesignator=C30 NewDesignator=C28
Change Component Designator: OldDesignator=C31 NewDesignator=C29
Change Component Designator: OldDesignator=C32 NewDesignator=C30
Change Component Designator: OldDesignator=C33 NewDesignator=C31
Change Component Designator: OldDesignator=C34 NewDesignator=C32
Change Component Designator: OldDesignator=C35 NewDesignator=C33
Change Component Designator: OldDesignator=H4 NewDesignator=H2
Change Component Designator: OldDesignator=U3 NewDesignator=U2
Added Component: Designator=*1(LP5907MFX-3.3V)
Added Component: Designator=C9(CAP_0402)
Add component (AddParameter): Name = "Value"; Value = "0.1u"; VariantName = "[No Variations]"
Added Pin To Net: NetName=OUT Pin=*1-1
Added Pin To Net: NetName=CS Pin=*1-2
Added Pin To Net: NetName=OUT Pin=*1-3
Added Pin To Net: NetName=CS Pin=*1-4
Added Pin To Net: NetName=VCC3_3V Pin=*1-5
Added Pin To Net: NetName=VCC3_3V Pin=C9-1
Added Pin To Net: NetName=CS Pin=C9-2
Added Pin To Net: NetName=CS Pin=C11-1
Added Pin To Net: NetName=OUT Pin=C11-2
Added Pin To Net: NetName=OUT Pin=FPC1-12
Added Pin To Net: NetName=OUT Pin=FPC1-13
Change Net Name : Old Net Name=NetC17_1 New Net Name=NetC15_1
Change Net Name : Old Net Name=NetC18_1 New Net Name=NetC16_1
Change Net Name : Old Net Name=NetC31_1 New Net Name=NetC29_1
Added Member To Class: ClassName=Sheet3 Member=Component *2 lcd_12pin
