Added Component: Designator=*1(1.3бо240x240__ips)
Added Component: Designator=FPC1(FPC-SMD_AFC01-S15FCC-00)
Add component (AddParameter): Name = "BOM_JLCPCB Part Class"; Value = "Extended Part"; VariantName = "[No Variations]"
Add component (AddParameter): Name = "BOM_Manufacturer"; Value = "JUSHUO"; VariantName = "[No Variations]"
Add component (AddParameter): Name = "BOM_Manufacturer Part"; Value = "AFC01-S15FCC-00"; VariantName = "[No Variations]"
Add component (AddParameter): Name = "BOM_Supplier"; Value = "LCSC"; VariantName = "[No Variations]"
Add component (AddParameter): Name = "BOM_Supplier Part"; Value = "C262271"; VariantName = "[No Variations]"
Add component (AddParameter): Name = "Contributor"; Value = "LCSC"; VariantName = "[No Variations]"
Add component (AddParameter): Name = "spicePre"; Value = "F"; VariantName = "[No Variations]"
Add component (AddParameter): Name = "spiceSymbolName"; Value = "AFC01-S15FCC-00"; VariantName = "[No Variations]"
Added Pin To Net: NetName=GND Pin=*1-1
Added Pin To Net: NetName=GND Pin=*1-1
Added Pin To Net: NetName=GND Pin=*1-2
Added Pin To Net: NetName=VCC3_3V Pin=*1-4
Added Pin To Net: NetName=GND Pin=*1-5
Added Pin To Net: NetName=GND Pin=*1-6
Added Pin To Net: NetName=GND Pin=*1-8
Added Pin To Net: NetName=GND Pin=*1-12
Added Pin To Net: NetName=GND Pin=FPC1-4
Added Pin To Net: NetName=GND Pin=FPC1-7
Added Pin To Net: NetName=GND Pin=FPC1-8
Added Pin To Net: NetName=VCC3_3V Pin=FPC1-9
Added Pin To Net: NetName=GND Pin=FPC1-15
Added Pin To Net: NetName=GND Pin=FPC1-16
Added Pin To Net: NetName=GND Pin=FPC1-17
Change Net Name : Old Net Name=GND New Net Name=CS
Added Pin To Net: NetName=D/C Pin=*1-7
Added Pin To Net: NetName=D/C Pin=FPC1-3
Added Net: Name=D/C
Added Pin To Net: NetName=LCD_RESET Pin=*1-11
Added Pin To Net: NetName=LCD_RESET Pin=FPC1-2
Added Net: Name=LCD_RESET
Added Pin To Net: NetName=LEDA Pin=*1-3
Added Pin To Net: NetName=LEDA Pin=FPC1-10
Added Net: Name=LEDA
Added Pin To Net: NetName=MOSI Pin=*1-10
Added Pin To Net: NetName=MOSI Pin=FPC1-6
Added Net: Name=MOSI
Added Pin To Net: NetName=SCK Pin=*1-9
Added Pin To Net: NetName=SCK Pin=FPC1-5
Added Net: Name=SCK
Added Member To Class: ClassName=Sheet3 Member=Component *1 lcd_12pin
Added Member To Class: ClassName=Sheet3 Member=Component D3 color?
Added Member To Class: ClassName=Sheet3 Member=Component D4 color?
Added Member To Class: ClassName=Sheet3 Member=Component FPC1 AFC01-S15FCC-00
Added Member To Class: ClassName=Sheet3 Member=Component H2 ls=11uh ,ls'=16uh
